[2025-10-17T13:03:58.931+0000] {processor.py:161} INFO - Started process (PID=48) to work on /home/airflow/.local/lib/python3.12/site-packages/airflow/example_dags/example_skip_dag.py
[2025-10-17T13:03:58.936+0000] {processor.py:830} INFO - Processing file /home/airflow/.local/lib/python3.12/site-packages/airflow/example_dags/example_skip_dag.py for tasks to queue
[2025-10-17T13:03:58.941+0000] {logging_mixin.py:188} INFO - [2025-10-17T13:03:58.940+0000] {dagbag.py:545} INFO - Filling up the DagBag from /home/airflow/.local/lib/python3.12/site-packages/airflow/example_dags/example_skip_dag.py
[2025-10-17T13:03:59.025+0000] {processor.py:840} INFO - DAG(s) 'example_skip_dag' retrieved from /home/airflow/.local/lib/python3.12/site-packages/airflow/example_dags/example_skip_dag.py
[2025-10-17T13:03:59.358+0000] {logging_mixin.py:188} INFO - [2025-10-17T13:03:59.357+0000] {dag.py:3096} INFO - Sync 1 DAGs
[2025-10-17T13:03:59.403+0000] {logging_mixin.py:188} INFO - [2025-10-17T13:03:59.403+0000] {dag.py:3954} INFO - Setting next_dagrun for example_skip_dag to 2025-10-16 00:00:00+00:00, run_after=2025-10-17 00:00:00+00:00
[2025-10-17T13:03:59.467+0000] {processor.py:183} INFO - Processing /home/airflow/.local/lib/python3.12/site-packages/airflow/example_dags/example_skip_dag.py took 0.551 seconds
[2025-10-17T13:04:29.577+0000] {processor.py:161} INFO - Started process (PID=100) to work on /home/airflow/.local/lib/python3.12/site-packages/airflow/example_dags/example_skip_dag.py
[2025-10-17T13:04:29.579+0000] {processor.py:830} INFO - Processing file /home/airflow/.local/lib/python3.12/site-packages/airflow/example_dags/example_skip_dag.py for tasks to queue
[2025-10-17T13:04:29.582+0000] {logging_mixin.py:188} INFO - [2025-10-17T13:04:29.581+0000] {dagbag.py:545} INFO - Filling up the DagBag from /home/airflow/.local/lib/python3.12/site-packages/airflow/example_dags/example_skip_dag.py
[2025-10-17T13:04:29.590+0000] {processor.py:840} INFO - DAG(s) 'example_skip_dag' retrieved from /home/airflow/.local/lib/python3.12/site-packages/airflow/example_dags/example_skip_dag.py
[2025-10-17T13:04:29.622+0000] {logging_mixin.py:188} INFO - [2025-10-17T13:04:29.621+0000] {dag.py:3096} INFO - Sync 1 DAGs
[2025-10-17T13:04:29.663+0000] {logging_mixin.py:188} INFO - [2025-10-17T13:04:29.663+0000] {dag.py:3954} INFO - Setting next_dagrun for example_skip_dag to 2025-10-16 00:00:00+00:00, run_after=2025-10-17 00:00:00+00:00
[2025-10-17T13:04:29.737+0000] {processor.py:183} INFO - Processing /home/airflow/.local/lib/python3.12/site-packages/airflow/example_dags/example_skip_dag.py took 0.169 seconds
[2025-10-17T13:44:51.277+0000] {processor.py:161} INFO - Started process (PID=49) to work on /home/airflow/.local/lib/python3.12/site-packages/airflow/example_dags/example_skip_dag.py
[2025-10-17T13:44:51.285+0000] {processor.py:830} INFO - Processing file /home/airflow/.local/lib/python3.12/site-packages/airflow/example_dags/example_skip_dag.py for tasks to queue
[2025-10-17T13:44:51.291+0000] {logging_mixin.py:188} INFO - [2025-10-17T13:44:51.290+0000] {dagbag.py:545} INFO - Filling up the DagBag from /home/airflow/.local/lib/python3.12/site-packages/airflow/example_dags/example_skip_dag.py
[2025-10-17T13:44:51.318+0000] {processor.py:840} INFO - DAG(s) 'example_skip_dag' retrieved from /home/airflow/.local/lib/python3.12/site-packages/airflow/example_dags/example_skip_dag.py
[2025-10-17T13:44:51.417+0000] {logging_mixin.py:188} INFO - [2025-10-17T13:44:51.417+0000] {dag.py:3096} INFO - Sync 1 DAGs
[2025-10-17T13:44:51.479+0000] {logging_mixin.py:188} INFO - [2025-10-17T13:44:51.478+0000] {dag.py:3954} INFO - Setting next_dagrun for example_skip_dag to 2025-10-16 00:00:00+00:00, run_after=2025-10-17 00:00:00+00:00
[2025-10-17T13:44:51.572+0000] {processor.py:183} INFO - Processing /home/airflow/.local/lib/python3.12/site-packages/airflow/example_dags/example_skip_dag.py took 0.314 seconds
[2025-10-17T13:45:22.384+0000] {processor.py:161} INFO - Started process (PID=102) to work on /home/airflow/.local/lib/python3.12/site-packages/airflow/example_dags/example_skip_dag.py
[2025-10-17T13:45:22.390+0000] {processor.py:830} INFO - Processing file /home/airflow/.local/lib/python3.12/site-packages/airflow/example_dags/example_skip_dag.py for tasks to queue
[2025-10-17T13:45:22.394+0000] {logging_mixin.py:188} INFO - [2025-10-17T13:45:22.393+0000] {dagbag.py:545} INFO - Filling up the DagBag from /home/airflow/.local/lib/python3.12/site-packages/airflow/example_dags/example_skip_dag.py
[2025-10-17T13:45:22.417+0000] {processor.py:840} INFO - DAG(s) 'example_skip_dag' retrieved from /home/airflow/.local/lib/python3.12/site-packages/airflow/example_dags/example_skip_dag.py
[2025-10-17T13:45:22.466+0000] {logging_mixin.py:188} INFO - [2025-10-17T13:45:22.465+0000] {dag.py:3096} INFO - Sync 1 DAGs
[2025-10-17T13:45:22.529+0000] {logging_mixin.py:188} INFO - [2025-10-17T13:45:22.529+0000] {dag.py:3954} INFO - Setting next_dagrun for example_skip_dag to 2025-10-16 00:00:00+00:00, run_after=2025-10-17 00:00:00+00:00
[2025-10-17T13:45:32.860+0000] {processor.py:186} ERROR - Got an exception! Propagating...
Traceback (most recent call last):
  File "/home/airflow/.local/lib/python3.12/site-packages/sqlalchemy/engine/base.py", line 1094, in _commit_impl
  File "/home/airflow/.local/lib/python3.12/site-packages/sqlalchemy/engine/default.py", line 686, in do_commit
psycopg2.OperationalError: server closed the connection unexpectedly
	This probably means the server terminated abnormally
	before or while processing the request.


The above exception was the direct cause of the following exception:

Traceback (most recent call last):
  File "/home/airflow/.local/lib/python3.12/site-packages/airflow/dag_processing/processor.py", line 182, in _run_file_processor
  File "/home/airflow/.local/lib/python3.12/site-packages/airflow/dag_processing/processor.py", line 163, in _handle_dag_file_processing
  File "/home/airflow/.local/lib/python3.12/site-packages/airflow/utils/session.py", line 79, in wrapper
  File "/home/airflow/.local/lib/python3.12/site-packages/airflow/dag_processing/processor.py", line 859, in process_file
  File "/home/airflow/.local/lib/python3.12/site-packages/airflow/api_internal/internal_api_call.py", line 115, in wrapper
  File "/home/airflow/.local/lib/python3.12/site-packages/airflow/utils/session.py", line 79, in wrapper
  File "/home/airflow/.local/lib/python3.12/site-packages/airflow/dag_processing/processor.py", line 896, in save_dag_to_db
  File "/home/airflow/.local/lib/python3.12/site-packages/sqlalchemy/orm/session.py", line 1454, in commit
  File "/home/airflow/.local/lib/python3.12/site-packages/sqlalchemy/orm/session.py", line 839, in commit
  File "/home/airflow/.local/lib/python3.12/site-packages/sqlalchemy/engine/base.py", line 2469, in commit
  File "/home/airflow/.local/lib/python3.12/site-packages/sqlalchemy/engine/base.py", line 2659, in _do_commit
  File "/home/airflow/.local/lib/python3.12/site-packages/sqlalchemy/engine/base.py", line 2630, in _connection_commit_impl
  File "/home/airflow/.local/lib/python3.12/site-packages/sqlalchemy/engine/base.py", line 1096, in _commit_impl
  File "/home/airflow/.local/lib/python3.12/site-packages/sqlalchemy/engine/base.py", line 2134, in _handle_dbapi_exception
  File "/home/airflow/.local/lib/python3.12/site-packages/sqlalchemy/util/compat.py", line 211, in raise_
  File "/home/airflow/.local/lib/python3.12/site-packages/sqlalchemy/engine/base.py", line 1094, in _commit_impl
  File "/home/airflow/.local/lib/python3.12/site-packages/sqlalchemy/engine/default.py", line 686, in do_commit
sqlalchemy.exc.OperationalError: (psycopg2.OperationalError) server closed the connection unexpectedly
	This probably means the server terminated abnormally
	before or while processing the request.

(Background on this error at: https://sqlalche.me/e/14/e3q8)
[2025-10-17T16:14:04.887+0000] {processor.py:161} INFO - Started process (PID=48) to work on /home/airflow/.local/lib/python3.12/site-packages/airflow/example_dags/example_skip_dag.py
[2025-10-17T16:14:04.889+0000] {processor.py:830} INFO - Processing file /home/airflow/.local/lib/python3.12/site-packages/airflow/example_dags/example_skip_dag.py for tasks to queue
[2025-10-17T16:14:04.896+0000] {logging_mixin.py:188} INFO - [2025-10-17T16:14:04.895+0000] {dagbag.py:545} INFO - Filling up the DagBag from /home/airflow/.local/lib/python3.12/site-packages/airflow/example_dags/example_skip_dag.py
[2025-10-17T16:14:04.923+0000] {processor.py:840} INFO - DAG(s) 'example_skip_dag' retrieved from /home/airflow/.local/lib/python3.12/site-packages/airflow/example_dags/example_skip_dag.py
[2025-10-17T16:14:04.979+0000] {logging_mixin.py:188} INFO - [2025-10-17T16:14:04.979+0000] {dag.py:3096} INFO - Sync 1 DAGs
[2025-10-17T16:14:05.027+0000] {logging_mixin.py:188} INFO - [2025-10-17T16:14:05.026+0000] {dag.py:3954} INFO - Setting next_dagrun for example_skip_dag to 2025-10-16 00:00:00+00:00, run_after=2025-10-17 00:00:00+00:00
[2025-10-17T16:14:05.067+0000] {processor.py:183} INFO - Processing /home/airflow/.local/lib/python3.12/site-packages/airflow/example_dags/example_skip_dag.py took 0.204 seconds
[2025-10-17T16:14:35.294+0000] {processor.py:161} INFO - Started process (PID=101) to work on /home/airflow/.local/lib/python3.12/site-packages/airflow/example_dags/example_skip_dag.py
[2025-10-17T16:14:35.299+0000] {processor.py:830} INFO - Processing file /home/airflow/.local/lib/python3.12/site-packages/airflow/example_dags/example_skip_dag.py for tasks to queue
[2025-10-17T16:14:35.304+0000] {logging_mixin.py:188} INFO - [2025-10-17T16:14:35.303+0000] {dagbag.py:545} INFO - Filling up the DagBag from /home/airflow/.local/lib/python3.12/site-packages/airflow/example_dags/example_skip_dag.py
[2025-10-17T16:14:35.325+0000] {processor.py:840} INFO - DAG(s) 'example_skip_dag' retrieved from /home/airflow/.local/lib/python3.12/site-packages/airflow/example_dags/example_skip_dag.py
[2025-10-17T16:14:35.386+0000] {logging_mixin.py:188} INFO - [2025-10-17T16:14:35.386+0000] {dag.py:3096} INFO - Sync 1 DAGs
[2025-10-17T16:14:35.427+0000] {logging_mixin.py:188} INFO - [2025-10-17T16:14:35.427+0000] {dag.py:3954} INFO - Setting next_dagrun for example_skip_dag to 2025-10-16 00:00:00+00:00, run_after=2025-10-17 00:00:00+00:00
[2025-10-17T16:14:35.475+0000] {processor.py:183} INFO - Processing /home/airflow/.local/lib/python3.12/site-packages/airflow/example_dags/example_skip_dag.py took 0.201 seconds
[2025-10-17T16:15:06.006+0000] {processor.py:161} INFO - Started process (PID=154) to work on /home/airflow/.local/lib/python3.12/site-packages/airflow/example_dags/example_skip_dag.py
[2025-10-17T16:15:06.007+0000] {processor.py:830} INFO - Processing file /home/airflow/.local/lib/python3.12/site-packages/airflow/example_dags/example_skip_dag.py for tasks to queue
[2025-10-17T16:15:06.010+0000] {logging_mixin.py:188} INFO - [2025-10-17T16:15:06.010+0000] {dagbag.py:545} INFO - Filling up the DagBag from /home/airflow/.local/lib/python3.12/site-packages/airflow/example_dags/example_skip_dag.py
[2025-10-17T16:15:06.020+0000] {processor.py:840} INFO - DAG(s) 'example_skip_dag' retrieved from /home/airflow/.local/lib/python3.12/site-packages/airflow/example_dags/example_skip_dag.py
[2025-10-17T16:15:06.055+0000] {logging_mixin.py:188} INFO - [2025-10-17T16:15:06.054+0000] {dag.py:3096} INFO - Sync 1 DAGs
[2025-10-17T16:15:06.096+0000] {logging_mixin.py:188} INFO - [2025-10-17T16:15:06.096+0000] {dag.py:3954} INFO - Setting next_dagrun for example_skip_dag to 2025-10-16 00:00:00+00:00, run_after=2025-10-17 00:00:00+00:00
[2025-10-17T16:15:06.131+0000] {processor.py:183} INFO - Processing /home/airflow/.local/lib/python3.12/site-packages/airflow/example_dags/example_skip_dag.py took 0.134 seconds
[2025-10-17T16:15:37.052+0000] {processor.py:161} INFO - Started process (PID=207) to work on /home/airflow/.local/lib/python3.12/site-packages/airflow/example_dags/example_skip_dag.py
[2025-10-17T16:15:37.054+0000] {processor.py:830} INFO - Processing file /home/airflow/.local/lib/python3.12/site-packages/airflow/example_dags/example_skip_dag.py for tasks to queue
[2025-10-17T16:15:37.059+0000] {logging_mixin.py:188} INFO - [2025-10-17T16:15:37.058+0000] {dagbag.py:545} INFO - Filling up the DagBag from /home/airflow/.local/lib/python3.12/site-packages/airflow/example_dags/example_skip_dag.py
[2025-10-17T16:15:37.080+0000] {processor.py:840} INFO - DAG(s) 'example_skip_dag' retrieved from /home/airflow/.local/lib/python3.12/site-packages/airflow/example_dags/example_skip_dag.py
[2025-10-17T16:15:37.137+0000] {logging_mixin.py:188} INFO - [2025-10-17T16:15:37.137+0000] {dag.py:3096} INFO - Sync 1 DAGs
[2025-10-17T16:15:37.176+0000] {logging_mixin.py:188} INFO - [2025-10-17T16:15:37.176+0000] {dag.py:3954} INFO - Setting next_dagrun for example_skip_dag to 2025-10-16 00:00:00+00:00, run_after=2025-10-17 00:00:00+00:00
[2025-10-17T16:15:37.213+0000] {processor.py:183} INFO - Processing /home/airflow/.local/lib/python3.12/site-packages/airflow/example_dags/example_skip_dag.py took 0.175 seconds
[2025-10-17T16:16:08.969+0000] {processor.py:161} INFO - Started process (PID=260) to work on /home/airflow/.local/lib/python3.12/site-packages/airflow/example_dags/example_skip_dag.py
[2025-10-17T16:16:08.971+0000] {processor.py:830} INFO - Processing file /home/airflow/.local/lib/python3.12/site-packages/airflow/example_dags/example_skip_dag.py for tasks to queue
[2025-10-17T16:16:08.976+0000] {logging_mixin.py:188} INFO - [2025-10-17T16:16:08.975+0000] {dagbag.py:545} INFO - Filling up the DagBag from /home/airflow/.local/lib/python3.12/site-packages/airflow/example_dags/example_skip_dag.py
[2025-10-17T16:16:08.989+0000] {processor.py:840} INFO - DAG(s) 'example_skip_dag' retrieved from /home/airflow/.local/lib/python3.12/site-packages/airflow/example_dags/example_skip_dag.py
[2025-10-17T16:16:09.037+0000] {logging_mixin.py:188} INFO - [2025-10-17T16:16:09.037+0000] {dag.py:3096} INFO - Sync 1 DAGs
[2025-10-17T16:16:09.099+0000] {logging_mixin.py:188} INFO - [2025-10-17T16:16:09.098+0000] {dag.py:3954} INFO - Setting next_dagrun for example_skip_dag to 2025-10-16 00:00:00+00:00, run_after=2025-10-17 00:00:00+00:00
[2025-10-17T16:16:09.147+0000] {processor.py:183} INFO - Processing /home/airflow/.local/lib/python3.12/site-packages/airflow/example_dags/example_skip_dag.py took 0.190 seconds
[2025-10-17T16:16:39.466+0000] {processor.py:161} INFO - Started process (PID=313) to work on /home/airflow/.local/lib/python3.12/site-packages/airflow/example_dags/example_skip_dag.py
[2025-10-17T16:16:39.468+0000] {processor.py:830} INFO - Processing file /home/airflow/.local/lib/python3.12/site-packages/airflow/example_dags/example_skip_dag.py for tasks to queue
[2025-10-17T16:16:39.471+0000] {logging_mixin.py:188} INFO - [2025-10-17T16:16:39.471+0000] {dagbag.py:545} INFO - Filling up the DagBag from /home/airflow/.local/lib/python3.12/site-packages/airflow/example_dags/example_skip_dag.py
[2025-10-17T16:16:39.481+0000] {processor.py:840} INFO - DAG(s) 'example_skip_dag' retrieved from /home/airflow/.local/lib/python3.12/site-packages/airflow/example_dags/example_skip_dag.py
[2025-10-17T16:16:39.512+0000] {logging_mixin.py:188} INFO - [2025-10-17T16:16:39.512+0000] {dag.py:3096} INFO - Sync 1 DAGs
[2025-10-17T16:16:39.544+0000] {logging_mixin.py:188} INFO - [2025-10-17T16:16:39.543+0000] {dag.py:3954} INFO - Setting next_dagrun for example_skip_dag to 2025-10-16 00:00:00+00:00, run_after=2025-10-17 00:00:00+00:00
[2025-10-17T16:16:39.575+0000] {processor.py:183} INFO - Processing /home/airflow/.local/lib/python3.12/site-packages/airflow/example_dags/example_skip_dag.py took 0.118 seconds
[2025-10-17T16:17:09.963+0000] {processor.py:161} INFO - Started process (PID=366) to work on /home/airflow/.local/lib/python3.12/site-packages/airflow/example_dags/example_skip_dag.py
[2025-10-17T16:17:09.965+0000] {processor.py:830} INFO - Processing file /home/airflow/.local/lib/python3.12/site-packages/airflow/example_dags/example_skip_dag.py for tasks to queue
[2025-10-17T16:17:09.970+0000] {logging_mixin.py:188} INFO - [2025-10-17T16:17:09.969+0000] {dagbag.py:545} INFO - Filling up the DagBag from /home/airflow/.local/lib/python3.12/site-packages/airflow/example_dags/example_skip_dag.py
[2025-10-17T16:17:09.983+0000] {processor.py:840} INFO - DAG(s) 'example_skip_dag' retrieved from /home/airflow/.local/lib/python3.12/site-packages/airflow/example_dags/example_skip_dag.py
[2025-10-17T16:17:10.037+0000] {logging_mixin.py:188} INFO - [2025-10-17T16:17:10.037+0000] {dag.py:3096} INFO - Sync 1 DAGs
[2025-10-17T16:17:10.103+0000] {logging_mixin.py:188} INFO - [2025-10-17T16:17:10.103+0000] {dag.py:3954} INFO - Setting next_dagrun for example_skip_dag to 2025-10-16 00:00:00+00:00, run_after=2025-10-17 00:00:00+00:00
[2025-10-17T16:17:10.143+0000] {processor.py:183} INFO - Processing /home/airflow/.local/lib/python3.12/site-packages/airflow/example_dags/example_skip_dag.py took 0.192 seconds
[2025-10-17T16:17:43.124+0000] {processor.py:161} INFO - Started process (PID=419) to work on /home/airflow/.local/lib/python3.12/site-packages/airflow/example_dags/example_skip_dag.py
[2025-10-17T16:17:43.126+0000] {processor.py:830} INFO - Processing file /home/airflow/.local/lib/python3.12/site-packages/airflow/example_dags/example_skip_dag.py for tasks to queue
[2025-10-17T16:17:43.131+0000] {logging_mixin.py:188} INFO - [2025-10-17T16:17:43.131+0000] {dagbag.py:545} INFO - Filling up the DagBag from /home/airflow/.local/lib/python3.12/site-packages/airflow/example_dags/example_skip_dag.py
[2025-10-17T16:17:43.144+0000] {processor.py:840} INFO - DAG(s) 'example_skip_dag' retrieved from /home/airflow/.local/lib/python3.12/site-packages/airflow/example_dags/example_skip_dag.py
[2025-10-17T16:17:43.199+0000] {logging_mixin.py:188} INFO - [2025-10-17T16:17:43.198+0000] {dag.py:3096} INFO - Sync 1 DAGs
[2025-10-17T16:17:43.245+0000] {logging_mixin.py:188} INFO - [2025-10-17T16:17:43.244+0000] {dag.py:3954} INFO - Setting next_dagrun for example_skip_dag to 2025-10-16 00:00:00+00:00, run_after=2025-10-17 00:00:00+00:00
[2025-10-17T16:17:43.280+0000] {processor.py:183} INFO - Processing /home/airflow/.local/lib/python3.12/site-packages/airflow/example_dags/example_skip_dag.py took 0.169 seconds
[2025-10-17T16:18:13.634+0000] {processor.py:161} INFO - Started process (PID=472) to work on /home/airflow/.local/lib/python3.12/site-packages/airflow/example_dags/example_skip_dag.py
[2025-10-17T16:18:13.639+0000] {processor.py:830} INFO - Processing file /home/airflow/.local/lib/python3.12/site-packages/airflow/example_dags/example_skip_dag.py for tasks to queue
[2025-10-17T16:18:13.648+0000] {logging_mixin.py:188} INFO - [2025-10-17T16:18:13.647+0000] {dagbag.py:545} INFO - Filling up the DagBag from /home/airflow/.local/lib/python3.12/site-packages/airflow/example_dags/example_skip_dag.py
[2025-10-17T16:18:13.668+0000] {processor.py:840} INFO - DAG(s) 'example_skip_dag' retrieved from /home/airflow/.local/lib/python3.12/site-packages/airflow/example_dags/example_skip_dag.py
[2025-10-17T16:18:13.726+0000] {logging_mixin.py:188} INFO - [2025-10-17T16:18:13.725+0000] {dag.py:3096} INFO - Sync 1 DAGs
[2025-10-17T16:18:13.775+0000] {logging_mixin.py:188} INFO - [2025-10-17T16:18:13.775+0000] {dag.py:3954} INFO - Setting next_dagrun for example_skip_dag to 2025-10-16 00:00:00+00:00, run_after=2025-10-17 00:00:00+00:00
[2025-10-17T16:18:13.818+0000] {processor.py:183} INFO - Processing /home/airflow/.local/lib/python3.12/site-packages/airflow/example_dags/example_skip_dag.py took 0.202 seconds
[2025-10-17T16:18:44.182+0000] {processor.py:161} INFO - Started process (PID=525) to work on /home/airflow/.local/lib/python3.12/site-packages/airflow/example_dags/example_skip_dag.py
[2025-10-17T16:18:44.185+0000] {processor.py:830} INFO - Processing file /home/airflow/.local/lib/python3.12/site-packages/airflow/example_dags/example_skip_dag.py for tasks to queue
[2025-10-17T16:18:44.200+0000] {logging_mixin.py:188} INFO - [2025-10-17T16:18:44.199+0000] {dagbag.py:545} INFO - Filling up the DagBag from /home/airflow/.local/lib/python3.12/site-packages/airflow/example_dags/example_skip_dag.py
[2025-10-17T16:18:44.223+0000] {processor.py:840} INFO - DAG(s) 'example_skip_dag' retrieved from /home/airflow/.local/lib/python3.12/site-packages/airflow/example_dags/example_skip_dag.py
[2025-10-17T16:18:44.287+0000] {logging_mixin.py:188} INFO - [2025-10-17T16:18:44.287+0000] {dag.py:3096} INFO - Sync 1 DAGs
[2025-10-17T16:18:44.345+0000] {logging_mixin.py:188} INFO - [2025-10-17T16:18:44.344+0000] {dag.py:3954} INFO - Setting next_dagrun for example_skip_dag to 2025-10-16 00:00:00+00:00, run_after=2025-10-17 00:00:00+00:00
[2025-10-17T16:18:44.422+0000] {processor.py:183} INFO - Processing /home/airflow/.local/lib/python3.12/site-packages/airflow/example_dags/example_skip_dag.py took 0.266 seconds
[2025-10-17T16:19:14.716+0000] {processor.py:161} INFO - Started process (PID=578) to work on /home/airflow/.local/lib/python3.12/site-packages/airflow/example_dags/example_skip_dag.py
[2025-10-17T16:19:14.718+0000] {processor.py:830} INFO - Processing file /home/airflow/.local/lib/python3.12/site-packages/airflow/example_dags/example_skip_dag.py for tasks to queue
[2025-10-17T16:19:14.723+0000] {logging_mixin.py:188} INFO - [2025-10-17T16:19:14.722+0000] {dagbag.py:545} INFO - Filling up the DagBag from /home/airflow/.local/lib/python3.12/site-packages/airflow/example_dags/example_skip_dag.py
[2025-10-17T16:19:14.743+0000] {processor.py:840} INFO - DAG(s) 'example_skip_dag' retrieved from /home/airflow/.local/lib/python3.12/site-packages/airflow/example_dags/example_skip_dag.py
[2025-10-17T16:19:14.817+0000] {logging_mixin.py:188} INFO - [2025-10-17T16:19:14.816+0000] {dag.py:3096} INFO - Sync 1 DAGs
[2025-10-17T16:19:14.893+0000] {logging_mixin.py:188} INFO - [2025-10-17T16:19:14.891+0000] {dag.py:3954} INFO - Setting next_dagrun for example_skip_dag to 2025-10-16 00:00:00+00:00, run_after=2025-10-17 00:00:00+00:00
[2025-10-17T16:19:14.954+0000] {processor.py:183} INFO - Processing /home/airflow/.local/lib/python3.12/site-packages/airflow/example_dags/example_skip_dag.py took 0.255 seconds
[2025-10-17T16:19:45.338+0000] {processor.py:161} INFO - Started process (PID=631) to work on /home/airflow/.local/lib/python3.12/site-packages/airflow/example_dags/example_skip_dag.py
[2025-10-17T16:19:45.340+0000] {processor.py:830} INFO - Processing file /home/airflow/.local/lib/python3.12/site-packages/airflow/example_dags/example_skip_dag.py for tasks to queue
[2025-10-17T16:19:45.343+0000] {logging_mixin.py:188} INFO - [2025-10-17T16:19:45.343+0000] {dagbag.py:545} INFO - Filling up the DagBag from /home/airflow/.local/lib/python3.12/site-packages/airflow/example_dags/example_skip_dag.py
[2025-10-17T16:19:45.357+0000] {processor.py:840} INFO - DAG(s) 'example_skip_dag' retrieved from /home/airflow/.local/lib/python3.12/site-packages/airflow/example_dags/example_skip_dag.py
[2025-10-17T16:19:45.410+0000] {logging_mixin.py:188} INFO - [2025-10-17T16:19:45.409+0000] {dag.py:3096} INFO - Sync 1 DAGs
[2025-10-17T16:19:45.460+0000] {logging_mixin.py:188} INFO - [2025-10-17T16:19:45.459+0000] {dag.py:3954} INFO - Setting next_dagrun for example_skip_dag to 2025-10-16 00:00:00+00:00, run_after=2025-10-17 00:00:00+00:00
[2025-10-17T16:19:45.517+0000] {processor.py:183} INFO - Processing /home/airflow/.local/lib/python3.12/site-packages/airflow/example_dags/example_skip_dag.py took 0.189 seconds
[2025-10-17T16:20:16.288+0000] {processor.py:161} INFO - Started process (PID=684) to work on /home/airflow/.local/lib/python3.12/site-packages/airflow/example_dags/example_skip_dag.py
[2025-10-17T16:20:16.289+0000] {processor.py:830} INFO - Processing file /home/airflow/.local/lib/python3.12/site-packages/airflow/example_dags/example_skip_dag.py for tasks to queue
[2025-10-17T16:20:16.293+0000] {logging_mixin.py:188} INFO - [2025-10-17T16:20:16.293+0000] {dagbag.py:545} INFO - Filling up the DagBag from /home/airflow/.local/lib/python3.12/site-packages/airflow/example_dags/example_skip_dag.py
[2025-10-17T16:20:16.305+0000] {processor.py:840} INFO - DAG(s) 'example_skip_dag' retrieved from /home/airflow/.local/lib/python3.12/site-packages/airflow/example_dags/example_skip_dag.py
[2025-10-17T16:20:16.346+0000] {logging_mixin.py:188} INFO - [2025-10-17T16:20:16.346+0000] {dag.py:3096} INFO - Sync 1 DAGs
[2025-10-17T16:20:16.387+0000] {logging_mixin.py:188} INFO - [2025-10-17T16:20:16.386+0000] {dag.py:3954} INFO - Setting next_dagrun for example_skip_dag to 2025-10-16 00:00:00+00:00, run_after=2025-10-17 00:00:00+00:00
[2025-10-17T16:20:16.421+0000] {processor.py:183} INFO - Processing /home/airflow/.local/lib/python3.12/site-packages/airflow/example_dags/example_skip_dag.py took 0.145 seconds
